<?xml version="1.0" encoding="UTF-8"?>
<testsuite name="org.example.FirstLastTest" tests="2" skipped="0" failures="0" errors="0" timestamp="2023-10-20T10:44:40" hostname="UK-F52KW9W4QT" time="0.012">
  <properties/>
  <testcase name="getLast()" classname="org.example.FirstLastTest" time="0.012"/>
  <testcase name="getFirst()" classname="org.example.FirstLastTest" time="0.0"/>
  <system-out><![CDATA[]]></system-out>
  <system-err><![CDATA[]]></system-err>
</testsuite>
